==============================================================
Node: g012
Job ID: 53374038
Start time: Wed Mar 18 01:51:56 AM EDT 2026
==============================================================

==============================================================
Step 1: Splitting virus accessions by host taxonomy...
==============================================================
Total virus accessions: 13856

Fetching host info from NCBI (this will take a while)...
  Fetched 200/13856
  Fetched 400/13856
  Fetched 600/13856
  Fetched 800/13856
  Fetched 1000/13856
  Fetched 1200/13856
  Fetched 1400/13856
  Fetched 1600/13856
  Fetched 1800/13856
  Fetched 2000/13856
  Fetched 2200/13856
  Fetched 2400/13856
  Fetched 2600/13856
  Fetched 2800/13856
  Fetched 3000/13856
  Fetched 3200/13856
  Fetched 3400/13856
  Fetched 3600/13856
  Fetched 3800/13856
  Fetched 4000/13856
  Fetched 4200/13856
  Fetched 4400/13856
  Fetched 4600/13856
  Fetched 4800/13856
  Fetched 5000/13856
  Fetched 5200/13856
  Fetched 5400/13856
  Fetched 5600/13856
  Fetched 5800/13856
  Fetched 6000/13856
  Fetched 6200/13856
  Fetched 6400/13856
  Fetched 6600/13856
  Fetched 6800/13856
  Fetched 7000/13856
  Fetched 7200/13856
  Fetched 7400/13856
  Fetched 7600/13856
  Fetched 7800/13856
  Fetched 8000/13856
  Fetched 8200/13856
  Fetched 8400/13856
  Fetched 8600/13856
  Fetched 8800/13856
  Fetched 9000/13856
  Fetched 9200/13856
  Fetched 9400/13856
  Fetched 9600/13856
  Fetched 9800/13856
  Fetched 10000/13856
  Fetched 10200/13856
  Fetched 10400/13856
  Fetched 10600/13856
  Fetched 10800/13856
  Fetched 11000/13856
  Fetched 11200/13856
  Fetched 11400/13856
  Fetched 11600/13856
  Fetched 11800/13856
  Fetched 12000/13856
  Fetched 12200/13856
  Fetched 12400/13856
  Fetched 12600/13856
  Fetched 12800/13856
  Fetched 13000/13856
  Fetched 13200/13856
  Fetched 13400/13856
  Fetched 13600/13856
  Fetched 13800/13856
  Fetched 13856/13856

Results:
  Vertebrate-infecting:     2978
  Non-vertebrate-infecting: 7405
  Unknown host:             3473

Saved to data/accessions/virus_vertebrate.txt and virus_non_vertebrate.txt

==============================================================
Step 2: Downloading FASTA files from NCBI...
==============================================================

Downloading 2978 sequences from virus_vertebrate.txt...
  Downloaded 100/2978
  Downloaded 200/2978
  Downloaded 300/2978
  Downloaded 400/2978
  Downloaded 500/2978
  Downloaded 600/2978
  Downloaded 700/2978
  Downloaded 800/2978
  Downloaded 900/2978
  Downloaded 1000/2978
  Downloaded 1100/2978
  Downloaded 1200/2978
  Downloaded 1300/2978
  Downloaded 1400/2978
  Downloaded 1500/2978
  Downloaded 1600/2978
  Downloaded 1700/2978
  Downloaded 1800/2978
  Downloaded 1900/2978
  Downloaded 2000/2978
  Downloaded 2100/2978
  Downloaded 2200/2978
  Downloaded 2300/2978
  Downloaded 2400/2978
  Downloaded 2500/2978
  Downloaded 2600/2978
  Downloaded 2700/2978
  Downloaded 2800/2978
  Downloaded 2900/2978
  Downloaded 2978/2978

Downloading 7405 sequences from virus_non_vertebrate.txt...
  Downloaded 100/7405
  Downloaded 200/7405
  Downloaded 300/7405
  Downloaded 400/7405
  Downloaded 500/7405
  Downloaded 600/7405
  Downloaded 700/7405
  Downloaded 800/7405
  Downloaded 900/7405
  Downloaded 1000/7405
  Downloaded 1100/7405
  Downloaded 1200/7405
  Downloaded 1300/7405
  Downloaded 1400/7405
  Downloaded 1500/7405
  Downloaded 1600/7405
  Downloaded 1700/7405
  Downloaded 1800/7405
  Downloaded 1900/7405
  Downloaded 2000/7405
  Downloaded 2100/7405
  Downloaded 2200/7405
  Downloaded 2300/7405
  Downloaded 2400/7405
  Downloaded 2500/7405
  Downloaded 2600/7405
  Downloaded 2700/7405
  Downloaded 2800/7405
  Downloaded 2900/7405
  Downloaded 3000/7405
  Downloaded 3100/7405
  Downloaded 3200/7405
  Downloaded 3300/7405
  Downloaded 3400/7405
  Downloaded 3500/7405
  Downloaded 3600/7405
  Downloaded 3700/7405
  Downloaded 3800/7405
  Downloaded 3900/7405
  Downloaded 4000/7405
  Downloaded 4100/7405
  Downloaded 4200/7405
  Downloaded 4300/7405
  Downloaded 4400/7405
  Downloaded 4500/7405
  Downloaded 4600/7405
  Downloaded 4700/7405
  Downloaded 4800/7405
  Downloaded 4900/7405
  Downloaded 5000/7405
  Downloaded 5100/7405
  Downloaded 5200/7405
  Downloaded 5300/7405
  Downloaded 5400/7405
  Downloaded 5500/7405
  Downloaded 5600/7405
  Downloaded 5700/7405
  Downloaded 5800/7405
  Downloaded 5900/7405
  Downloaded 6000/7405
  Downloaded 6100/7405
  Downloaded 6200/7405
  Downloaded 6300/7405
  Downloaded 6400/7405
  Downloaded 6500/7405
  Downloaded 6600/7405
  Downloaded 6700/7405
  Downloaded 6800/7405
  Downloaded 6900/7405
  Downloaded 7000/7405
  Downloaded 7100/7405
  Downloaded 7200/7405
  Downloaded 7300/7405
  Downloaded 7400/7405
  Downloaded 7405/7405

Downloading 4634 sequences from bacteria.txt...
  Downloaded 100/4634
  Downloaded 200/4634
  Downloaded 300/4634
  Downloaded 400/4634
  Downloaded 500/4634
  Downloaded 600/4634
  Downloaded 700/4634
  Downloaded 800/4634
  Downloaded 900/4634
  Downloaded 1000/4634
  Downloaded 1100/4634
  Downloaded 1200/4634
  Downloaded 1300/4634
  Downloaded 1400/4634
  Downloaded 1500/4634
  Downloaded 1600/4634
  Downloaded 1700/4634
  Downloaded 1800/4634
  Downloaded 1900/4634
  Downloaded 2000/4634
  Downloaded 2100/4634
  Downloaded 2200/4634
  Downloaded 2300/4634
  Downloaded 2400/4634
  Downloaded 2500/4634
  Downloaded 2600/4634
  Downloaded 2700/4634
  Downloaded 2800/4634
  Downloaded 2900/4634
  Downloaded 3000/4634
  Downloaded 3100/4634
  Downloaded 3200/4634
  Downloaded 3300/4634
  Downloaded 3400/4634
  Downloaded 3500/4634
  Downloaded 3600/4634
  Downloaded 3700/4634
  Downloaded 3800/4634
  Downloaded 3900/4634
  Downloaded 4000/4634
  Downloaded 4100/4634
  Downloaded 4200/4634
  Downloaded 4300/4634
  Downloaded 4400/4634
  Downloaded 4500/4634
  Downloaded 4600/4634
  Downloaded 4634/4634

Downloading 296 sequences from archaea.txt...
  Downloaded 100/296
  Downloaded 200/296
  Downloaded 296/296

Downloading 170627 sequences from protozoa.txt...
  Downloaded 100/170627
  Downloaded 200/170627
  Downloaded 300/170627
  Downloaded 400/170627
  Downloaded 500/170627
  Downloaded 600/170627
  Downloaded 700/170627
  Downloaded 800/170627
  Downloaded 900/170627
  Downloaded 1000/170627
  Downloaded 1100/170627
  Downloaded 1200/170627
  Downloaded 1300/170627
  Downloaded 1400/170627
  Downloaded 1500/170627
  Downloaded 1600/170627
  Downloaded 1700/170627
  Downloaded 1800/170627
  Downloaded 1900/170627
  Downloaded 2000/170627
  Downloaded 2100/170627
  Downloaded 2200/170627
  Downloaded 2300/170627
  Downloaded 2400/170627
  Downloaded 2500/170627
  Downloaded 2600/170627
  Downloaded 2700/170627
  Downloaded 2800/170627
  Downloaded 2900/170627
  Downloaded 3000/170627
  Downloaded 3100/170627
  Downloaded 3200/170627
  Downloaded 3300/170627
  Downloaded 3400/170627
  Downloaded 3500/170627
  Downloaded 3600/170627
  Downloaded 3700/170627
  Downloaded 3800/170627
  Downloaded 3900/170627
  Downloaded 4000/170627
  Downloaded 4100/170627
  Downloaded 4200/170627
  Downloaded 4300/170627
  Downloaded 4400/170627
  Downloaded 4500/170627
  Downloaded 4600/170627
  Downloaded 4700/170627
  Downloaded 4800/170627
  Downloaded 4900/170627
  Downloaded 5000/170627
  Downloaded 5100/170627
  Downloaded 5200/170627
  Downloaded 5300/170627
  Downloaded 5400/170627
  Downloaded 5500/170627
  Downloaded 5600/170627
  Downloaded 5700/170627
  Downloaded 5800/170627
  Downloaded 5900/170627
  Downloaded 6000/170627
  Downloaded 6100/170627
  Downloaded 6200/170627
  Downloaded 6300/170627
  Downloaded 6400/170627
  Downloaded 6500/170627
  Downloaded 6600/170627
  Downloaded 6700/170627
  Downloaded 6800/170627
  Downloaded 6900/170627
  Downloaded 7000/170627
  Downloaded 7100/170627
  Downloaded 7200/170627
  Downloaded 7300/170627
  Downloaded 7400/170627
  Downloaded 7500/170627
  Downloaded 7600/170627
  Downloaded 7700/170627
  Downloaded 7800/170627
  Downloaded 7900/170627
  Downloaded 8000/170627
  Downloaded 8100/170627
  Downloaded 8200/170627
  Downloaded 8300/170627
  Downloaded 8400/170627
  Downloaded 8500/170627
  Downloaded 8600/170627
  Downloaded 8700/170627
  Downloaded 8800/170627
  Downloaded 8900/170627
  Downloaded 9000/170627
  Downloaded 9100/170627
  Downloaded 9200/170627
  Downloaded 9300/170627
  Downloaded 9400/170627
  Downloaded 9500/170627
  Downloaded 9600/170627
  Downloaded 9700/170627
  Downloaded 9800/170627
  Downloaded 9900/170627
  Downloaded 10000/170627
  Downloaded 10100/170627
  Downloaded 10200/170627
  Downloaded 10300/170627
  Downloaded 10400/170627
  Downloaded 10500/170627
  Downloaded 10600/170627
  Downloaded 10700/170627
  Downloaded 10800/170627
  Downloaded 10900/170627
  Downloaded 11000/170627
  Downloaded 11100/170627
  Downloaded 11200/170627
  Downloaded 11300/170627
  Downloaded 11400/170627
  Downloaded 11500/170627
  Downloaded 11600/170627
  Downloaded 11700/170627
  Downloaded 11800/170627
  Downloaded 11900/170627
  Downloaded 12000/170627
  Downloaded 12100/170627
  Downloaded 12200/170627
  Downloaded 12300/170627
  Downloaded 12400/170627
  Downloaded 12500/170627
  Downloaded 12600/170627
  Downloaded 12700/170627
  Downloaded 12800/170627
  Downloaded 12900/170627
  Downloaded 13000/170627
  Downloaded 13100/170627
  Downloaded 13200/170627
  Downloaded 13300/170627
  Downloaded 13400/170627
  Downloaded 13500/170627
  Downloaded 13600/170627
  Downloaded 13700/170627
  Downloaded 13800/170627
  Downloaded 13900/170627
  Downloaded 14000/170627
  Downloaded 14100/170627
  Downloaded 14200/170627
  Downloaded 14300/170627
  Downloaded 14400/170627
  Downloaded 14500/170627
  Downloaded 14600/170627
  Downloaded 14700/170627
  Downloaded 14800/170627
  Downloaded 14900/170627
  Downloaded 15000/170627
  Downloaded 15100/170627
  Downloaded 15200/170627
  Downloaded 15300/170627
  Downloaded 15400/170627
  Downloaded 15500/170627
  Downloaded 15600/170627
  Downloaded 15700/170627
  Downloaded 15800/170627
  Downloaded 15900/170627
  Downloaded 16000/170627
  Downloaded 16100/170627
  Downloaded 16200/170627
  Downloaded 16300/170627
  Downloaded 16400/170627
  Downloaded 16500/170627
  Downloaded 16600/170627
  Downloaded 16700/170627
  Downloaded 16800/170627
  Downloaded 16900/170627
  Downloaded 17000/170627
  Downloaded 17100/170627
  Downloaded 17200/170627
  Downloaded 17300/170627
  Downloaded 17400/170627
  Downloaded 17500/170627
  Downloaded 17600/170627
  Downloaded 17700/170627
  Downloaded 17800/170627
