==============================================================
Node: g011
Job ID: 53365624
Start time: Fri Mar 13 05:36:15 AM EDT 2026
==============================================================

==============================================================
Step 1: Splitting virus accessions by host taxonomy...
==============================================================
Total virus accessions: 13856

Fetching host info from NCBI (this will take a while)...
  Fetched 200/13856
  Fetched 400/13856
  Fetched 600/13856
  Fetched 800/13856
  Fetched 1000/13856
  Fetched 1200/13856
  Fetched 1400/13856
  Fetched 1600/13856
  Fetched 1800/13856
  Fetched 2000/13856
  Fetched 2200/13856
  Fetched 2400/13856
  Fetched 2600/13856
  Fetched 2800/13856
  Fetched 3000/13856
  Fetched 3200/13856
  Fetched 3400/13856
  Fetched 3600/13856
  Fetched 3800/13856
  Fetched 4000/13856
  Fetched 4200/13856
  Fetched 4400/13856
  Fetched 4600/13856
  Fetched 4800/13856
  Fetched 5000/13856
  Fetched 5200/13856
  Fetched 5400/13856
  Fetched 5600/13856
  Fetched 5800/13856
  Fetched 6000/13856
  Fetched 6200/13856
  Fetched 6400/13856
  Fetched 6600/13856
  Fetched 6800/13856
  Fetched 7000/13856
  Fetched 7200/13856
  Fetched 7400/13856
  Fetched 7600/13856
  Fetched 7800/13856
  Fetched 8000/13856
  Fetched 8200/13856
  Fetched 8400/13856
  Fetched 8600/13856
  Fetched 8800/13856
  Fetched 9000/13856
  Fetched 9200/13856
  Fetched 9400/13856
  Fetched 9600/13856
  Fetched 9800/13856
  Fetched 10000/13856
  Fetched 10200/13856
  Fetched 10400/13856
  Fetched 10600/13856
  Fetched 10800/13856
  Fetched 11000/13856
  Fetched 11200/13856
  Fetched 11400/13856
  Fetched 11600/13856
  Fetched 11800/13856
  Fetched 12000/13856
  Fetched 12200/13856
  Fetched 12400/13856
  Fetched 12600/13856
  Fetched 12800/13856
  Fetched 13000/13856
  Fetched 13200/13856
  Fetched 13400/13856
  Fetched 13600/13856
  Fetched 13800/13856
  Fetched 13856/13856

Results:
  Vertebrate-infecting:     2984
  Non-vertebrate-infecting: 7399
  Unknown host:             3473

Saved to data/accessions/virus_vertebrate.txt and virus_non_vertebrate.txt

==============================================================
Step 2: Downloading FASTA files from NCBI...
==============================================================

Downloading 2984 sequences from virus_vertebrate.txt...
  Downloaded 100/2984
  Downloaded 200/2984
  Downloaded 300/2984
  Downloaded 400/2984
  Downloaded 500/2984
  Downloaded 600/2984
  Downloaded 700/2984
  Downloaded 800/2984
  Downloaded 900/2984
  Downloaded 1000/2984
  Downloaded 1100/2984
  Downloaded 1200/2984
  Downloaded 1300/2984
  Downloaded 1400/2984
  Downloaded 1500/2984
  Downloaded 1600/2984
  Downloaded 1700/2984
  Downloaded 1800/2984
  Downloaded 1900/2984
  Downloaded 2000/2984
  Downloaded 2100/2984
  Downloaded 2200/2984
  Downloaded 2300/2984
  Downloaded 2400/2984
  Downloaded 2500/2984
  Downloaded 2600/2984
  Downloaded 2700/2984
  Downloaded 2800/2984
  Downloaded 2900/2984
  Downloaded 2984/2984

Downloading 7399 sequences from virus_non_vertebrate.txt...
  Downloaded 100/7399
  Downloaded 200/7399
  Downloaded 300/7399
  Downloaded 400/7399
  Downloaded 500/7399
  Downloaded 600/7399
  Downloaded 700/7399
  Downloaded 800/7399
  Downloaded 900/7399
  Downloaded 1000/7399
  Downloaded 1100/7399
  Downloaded 1200/7399
  Downloaded 1300/7399
  Downloaded 1400/7399
  Downloaded 1500/7399
  Downloaded 1600/7399
  Downloaded 1700/7399
  Downloaded 1800/7399
  Downloaded 1900/7399
  Downloaded 2000/7399
  Downloaded 2100/7399
  Downloaded 2200/7399
  Downloaded 2300/7399
  Downloaded 2400/7399
  Downloaded 2500/7399
  Downloaded 2600/7399
  Downloaded 2700/7399
  Downloaded 2800/7399
  Downloaded 2900/7399
  Downloaded 3000/7399
  Downloaded 3100/7399
  Downloaded 3200/7399
  Downloaded 3300/7399
  Downloaded 3400/7399
  Downloaded 3500/7399
  Downloaded 3600/7399
  Downloaded 3700/7399
  Downloaded 3800/7399
  Downloaded 3900/7399
  Downloaded 4000/7399
  Downloaded 4100/7399
  Downloaded 4200/7399
  Downloaded 4300/7399
  Downloaded 4400/7399
  Downloaded 4500/7399
  Downloaded 4600/7399
  Downloaded 4700/7399
  Downloaded 4800/7399
  Downloaded 4900/7399
  Downloaded 5000/7399
  Downloaded 5100/7399
  Downloaded 5200/7399
  Downloaded 5300/7399
  Downloaded 5400/7399
  Downloaded 5500/7399
  Downloaded 5600/7399
  Downloaded 5700/7399
  Downloaded 5800/7399
  Downloaded 5900/7399
  Downloaded 6000/7399
  Downloaded 6100/7399
  Downloaded 6200/7399
  Downloaded 6300/7399
  Downloaded 6400/7399
  Downloaded 6500/7399
  Downloaded 6600/7399
  Downloaded 6700/7399
  Downloaded 6800/7399
  Downloaded 6900/7399
  Downloaded 7000/7399
  Downloaded 7100/7399
  Downloaded 7200/7399
  Downloaded 7300/7399
  Downloaded 7399/7399

Downloading 4634 sequences from bacteria.txt...
  Downloaded 100/4634
  Downloaded 200/4634
  Downloaded 300/4634
  Downloaded 400/4634
  Downloaded 500/4634
  Downloaded 600/4634
  Downloaded 700/4634
  Downloaded 800/4634
  Downloaded 900/4634
  Downloaded 1000/4634
  Downloaded 1100/4634
  Downloaded 1200/4634
  Downloaded 1300/4634
  Downloaded 1400/4634
  Downloaded 1500/4634
  Downloaded 1600/4634
  Downloaded 1700/4634
  Downloaded 1800/4634
  Downloaded 1900/4634
  Downloaded 2000/4634
  Downloaded 2100/4634
  Downloaded 2200/4634
  Downloaded 2300/4634
  Downloaded 2400/4634
  Downloaded 2500/4634
  Downloaded 2600/4634
  Downloaded 2700/4634
  Downloaded 2800/4634
  Downloaded 2900/4634
  Downloaded 3000/4634
  Downloaded 3100/4634
  Downloaded 3200/4634
  Downloaded 3300/4634
  Downloaded 3400/4634
  Downloaded 3500/4634
  Downloaded 3600/4634
  Downloaded 3700/4634
  Downloaded 3800/4634
  Downloaded 3900/4634
  Downloaded 4000/4634
  Downloaded 4100/4634
  Downloaded 4200/4634
  Downloaded 4300/4634
  Downloaded 4400/4634
  Downloaded 4500/4634
  Downloaded 4600/4634
  Downloaded 4634/4634

Downloading 296 sequences from archaea.txt...
  Downloaded 100/296
  Downloaded 200/296
  Downloaded 296/296

Downloading 170627 sequences from protozoa.txt...
  Downloaded 100/170627
  Downloaded 200/170627
  Downloaded 300/170627
  Downloaded 400/170627
  Downloaded 500/170627
  Downloaded 600/170627
  Downloaded 700/170627
  Downloaded 800/170627
  Downloaded 900/170627
  Downloaded 1000/170627
  Downloaded 1100/170627
  Downloaded 1200/170627
  Downloaded 1300/170627
  Downloaded 1400/170627
  Downloaded 1500/170627
  Downloaded 1600/170627
  Downloaded 1700/170627
  Downloaded 1800/170627
  Downloaded 1900/170627
  Downloaded 2000/170627
  Downloaded 2100/170627
  Downloaded 2200/170627
  Downloaded 2300/170627
  Downloaded 2400/170627
  Downloaded 2500/170627
  Downloaded 2600/170627
  Downloaded 2700/170627
  Downloaded 2800/170627
  Downloaded 2900/170627
  Downloaded 3000/170627
  Downloaded 3100/170627
  Downloaded 3200/170627
  Downloaded 3300/170627
  Downloaded 3400/170627
  Downloaded 3500/170627
  Downloaded 3600/170627
  Downloaded 3700/170627
  Downloaded 3800/170627
  Downloaded 3900/170627
  Downloaded 4000/170627
  Downloaded 4100/170627
  Downloaded 4200/170627
  Downloaded 4300/170627
  Downloaded 4400/170627
  Downloaded 4500/170627
  Downloaded 4600/170627
  Downloaded 4700/170627
  Downloaded 4800/170627
  Downloaded 4900/170627
  Downloaded 5000/170627
  Downloaded 5100/170627
  Downloaded 5200/170627
  Downloaded 5300/170627
  Error at batch 5300-5400: IncompleteRead(1020160 bytes read)
  Downloaded 5500/170627
  Downloaded 5600/170627
  Downloaded 5700/170627
  Downloaded 5800/170627
  Downloaded 5900/170627
  Downloaded 6000/170627
  Downloaded 6100/170627
  Downloaded 6200/170627
  Downloaded 6300/170627
  Downloaded 6400/170627
  Downloaded 6500/170627
  Downloaded 6600/170627
  Downloaded 6700/170627
  Downloaded 6800/170627
  Downloaded 6900/170627
  Downloaded 7000/170627
  Downloaded 7100/170627
  Downloaded 7200/170627
  Downloaded 7300/170627
  Downloaded 7400/170627
  Downloaded 7500/170627
  Downloaded 7600/170627
  Downloaded 7700/170627
  Downloaded 7800/170627
  Downloaded 7900/170627
  Downloaded 8000/170627
  Downloaded 8100/170627
  Downloaded 8200/170627
  Downloaded 8300/170627
  Downloaded 8400/170627
  Downloaded 8500/170627
  Downloaded 8600/170627
  Downloaded 8700/170627
  Downloaded 8800/170627
  Downloaded 8900/170627
  Downloaded 9000/170627
  Downloaded 9100/170627
  Downloaded 9200/170627
  Downloaded 9300/170627
  Downloaded 9400/170627
  Downloaded 9500/170627
  Downloaded 9600/170627
  Downloaded 9700/170627
  Downloaded 9800/170627
  Downloaded 9900/170627
  Downloaded 10000/170627
  Downloaded 10100/170627
  Downloaded 10200/170627
  Downloaded 10300/170627
  Downloaded 10400/170627
  Downloaded 10500/170627
  Downloaded 10600/170627
  Downloaded 10700/170627
  Downloaded 10800/170627
  Downloaded 10900/170627
  Downloaded 11000/170627
  Downloaded 11100/170627
  Downloaded 11200/170627
  Downloaded 11300/170627
  Downloaded 11400/170627
  Downloaded 11500/170627
  Downloaded 11600/170627
  Downloaded 11700/170627
  Downloaded 11800/170627
  Downloaded 11900/170627
  Downloaded 12000/170627
  Downloaded 12100/170627
  Downloaded 12200/170627
  Downloaded 12300/170627
  Downloaded 12400/170627
  Downloaded 12500/170627
  Downloaded 12600/170627
  Downloaded 12700/170627
  Downloaded 12800/170627
  Downloaded 12900/170627
  Downloaded 13000/170627
  Downloaded 13100/170627
  Downloaded 13200/170627
  Downloaded 13300/170627
  Downloaded 13400/170627
  Downloaded 13500/170627
  Downloaded 13600/170627
  Downloaded 13700/170627
  Downloaded 13800/170627
  Downloaded 13900/170627
  Downloaded 14000/170627
  Downloaded 14100/170627
  Downloaded 14200/170627
  Downloaded 14300/170627
  Downloaded 14400/170627
  Downloaded 14500/170627
  Downloaded 14600/170627
  Downloaded 14700/170627
  Downloaded 14800/170627
  Downloaded 14900/170627
  Downloaded 15000/170627
  Downloaded 15100/170627
  Downloaded 15200/170627
  Downloaded 15300/170627
  Downloaded 15400/170627
  Downloaded 15500/170627
  Downloaded 15600/170627
  Downloaded 15700/170627
  Downloaded 15800/170627
  Downloaded 15900/170627
  Downloaded 16000/170627
  Downloaded 16100/170627
  Downloaded 16200/170627
  Downloaded 16300/170627
  Downloaded 16400/170627
  Downloaded 16500/170627
  Downloaded 16600/170627
  Downloaded 16700/170627
  Downloaded 16800/170627
  Downloaded 16900/170627
  Downloaded 17000/170627
  Downloaded 17100/170627
  Downloaded 17200/170627
  Downloaded 17300/170627
  Downloaded 17400/170627
  Downloaded 17500/170627
  Downloaded 17600/170627
  Downloaded 17700/170627
  Downloaded 17800/170627
  Downloaded 17900/170627
  Downloaded 18000/170627
  Downloaded 18100/170627
  Downloaded 18200/170627
  Downloaded 18300/170627
  Downloaded 18400/170627
  Downloaded 18500/170627
  Downloaded 18600/170627
  Downloaded 18700/170627
  Downloaded 18800/170627
  Downloaded 18900/170627
  Downloaded 19000/170627
  Downloaded 19100/170627
  Downloaded 19200/170627
  Downloaded 19300/170627
  Downloaded 19400/170627
  Downloaded 19500/170627
  Downloaded 19600/170627
  Downloaded 19700/170627
  Downloaded 19800/170627
  Downloaded 19900/170627
  Downloaded 20000/170627
  Downloaded 20100/170627
  Downloaded 20200/170627
  Downloaded 20300/170627
  Downloaded 20400/170627
  Downloaded 20500/170627
  Downloaded 20600/170627
  Downloaded 20700/170627
  Downloaded 20800/170627
  Downloaded 20900/170627
  Downloaded 21000/170627
  Downloaded 21100/170627
  Downloaded 21200/170627
  Downloaded 21300/170627
  Downloaded 21400/170627
  Downloaded 21500/170627
  Downloaded 21600/170627
  Downloaded 21700/170627
  Downloaded 21800/170627
  Downloaded 21900/170627
  Downloaded 22000/170627
  Downloaded 22100/170627
  Downloaded 22200/170627
  Downloaded 22300/170627
  Downloaded 22400/170627
  Downloaded 22500/170627
  Downloaded 22600/170627
  Downloaded 22700/170627
  Downloaded 22800/170627
  Downloaded 22900/170627
  Downloaded 23000/170627
  Downloaded 23100/170627
  Downloaded 23200/170627
  Downloaded 23300/170627
  Downloaded 23400/170627
  Downloaded 23500/170627
  Downloaded 23600/170627
  Downloaded 23700/170627
  Downloaded 23800/170627
  Downloaded 23900/170627
  Downloaded 24000/170627
  Downloaded 24100/170627
  Downloaded 24200/170627
  Downloaded 24300/170627
  Downloaded 24400/170627
  Downloaded 24500/170627
  Downloaded 24600/170627
  Downloaded 24700/170627
  Downloaded 24800/170627
  Downloaded 24900/170627
  Downloaded 25000/170627
  Downloaded 25100/170627
  Downloaded 25200/170627
  Downloaded 25300/170627
  Downloaded 25400/170627
  Downloaded 25500/170627
  Downloaded 25600/170627
  Downloaded 25700/170627
  Downloaded 25800/170627
  Downloaded 25900/170627
  Downloaded 26000/170627
  Downloaded 26100/170627
  Downloaded 26200/170627
  Downloaded 26300/170627
  Downloaded 26400/170627
  Downloaded 26500/170627
  Downloaded 26600/170627
  Downloaded 26700/170627
  Downloaded 26800/170627
  Downloaded 26900/170627
  Downloaded 27000/170627
  Downloaded 27100/170627
  Downloaded 27200/170627
  Downloaded 27300/170627
  Downloaded 27400/170627
  Downloaded 27500/170627
  Downloaded 27600/170627
  Downloaded 27700/170627
  Downloaded 27800/170627
  Downloaded 27900/170627
  Downloaded 28000/170627
  Downloaded 28100/170627
  Downloaded 28200/170627
  Downloaded 28300/170627
  Downloaded 28400/170627
  Downloaded 28500/170627
  Downloaded 28600/170627
  Downloaded 28700/170627
  Downloaded 28800/170627
  Downloaded 28900/170627
  Downloaded 29000/170627
  Downloaded 29100/170627
  Downloaded 29200/170627
  Downloaded 29300/170627
  Downloaded 29400/170627
  Downloaded 29500/170627
  Downloaded 29600/170627
  Downloaded 29700/170627
  Downloaded 29800/170627
  Downloaded 29900/170627
  Downloaded 30000/170627
  Error at batch 30000-30100: IncompleteRead(1240055 bytes read)
  Downloaded 30200/170627
  Downloaded 30300/170627
  Downloaded 30400/170627
  Downloaded 30500/170627
  Downloaded 30600/170627
  Downloaded 30700/170627
  Downloaded 30800/170627
  Downloaded 30900/170627
  Downloaded 31000/170627
  Downloaded 31100/170627
  Downloaded 31200/170627
  Downloaded 31300/170627
  Downloaded 31400/170627
  Downloaded 31500/170627
  Downloaded 31600/170627
  Downloaded 31700/170627
  Downloaded 31800/170627
  Downloaded 31900/170627
  Downloaded 32000/170627
  Downloaded 32100/170627
  Downloaded 32200/170627
  Downloaded 32300/170627
  Downloaded 32400/170627
  Downloaded 32500/170627
  Downloaded 32600/170627
  Downloaded 32700/170627
  Downloaded 32800/170627
  Downloaded 32900/170627
  Downloaded 33000/170627
  Downloaded 33100/170627
  Downloaded 33200/170627
  Downloaded 33300/170627
  Downloaded 33400/170627
  Downloaded 33500/170627
  Downloaded 33600/170627
  Downloaded 33700/170627
  Downloaded 33800/170627
  Downloaded 33900/170627
  Downloaded 34000/170627
  Downloaded 34100/170627
  Downloaded 34200/170627
  Downloaded 34300/170627
  Downloaded 34400/170627
  Downloaded 34500/170627
  Downloaded 34600/170627
  Downloaded 34700/170627
  Downloaded 34800/170627
  Downloaded 34900/170627
  Downloaded 35000/170627
  Downloaded 35100/170627
  Downloaded 35200/170627
  Downloaded 35300/170627
  Downloaded 35400/170627
  Downloaded 35500/170627
  Downloaded 35600/170627
  Downloaded 35700/170627
  Downloaded 35800/170627
  Downloaded 35900/170627
  Downloaded 36000/170627
  Downloaded 36100/170627
  Downloaded 36200/170627
  Downloaded 36300/170627
  Downloaded 36400/170627
  Downloaded 36500/170627
  Downloaded 36600/170627
  Downloaded 36700/170627
  Downloaded 36800/170627
  Downloaded 36900/170627
  Downloaded 37000/170627
  Downloaded 37100/170627
  Downloaded 37200/170627
  Downloaded 37300/170627
  Downloaded 37400/170627
  Downloaded 37500/170627
  Downloaded 37600/170627
  Downloaded 37700/170627
  Downloaded 37800/170627
  Downloaded 37900/170627
  Downloaded 38000/170627
  Downloaded 38100/170627
  Downloaded 38200/170627
  Downloaded 38300/170627
  Downloaded 38400/170627
  Downloaded 38500/170627
  Downloaded 38600/170627
  Downloaded 38700/170627
  Downloaded 38800/170627
  Downloaded 38900/170627
  Downloaded 39000/170627
  Downloaded 39100/170627
  Downloaded 39200/170627
  Downloaded 39300/170627
  Downloaded 39400/170627
  Downloaded 39500/170627
  Downloaded 39600/170627
  Downloaded 39700/170627
  Downloaded 39800/170627
  Downloaded 39900/170627
  Downloaded 40000/170627
  Downloaded 40100/170627
  Downloaded 40200/170627
  Downloaded 40300/170627
  Downloaded 40400/170627
  Downloaded 40500/170627
  Downloaded 40600/170627
  Downloaded 40700/170627
  Downloaded 40800/170627
  Downloaded 40900/170627
  Downloaded 41000/170627
  Downloaded 41100/170627
  Downloaded 41200/170627
  Downloaded 41300/170627
  Downloaded 41400/170627
  Downloaded 41500/170627
  Downloaded 41600/170627
  Downloaded 41700/170627
  Downloaded 41800/170627
  Downloaded 41900/170627
  Downloaded 42000/170627
  Downloaded 42100/170627
  Downloaded 42200/170627
  Downloaded 42300/170627
  Downloaded 42400/170627
  Downloaded 42500/170627
  Downloaded 42600/170627
  Downloaded 42700/170627
  Downloaded 42800/170627
  Downloaded 42900/170627
  Downloaded 43000/170627
  Downloaded 43100/170627
  Downloaded 43200/170627
  Downloaded 43300/170627
  Downloaded 43400/170627
  Downloaded 43500/170627
  Downloaded 43600/170627
  Downloaded 43700/170627
  Downloaded 43800/170627
  Downloaded 43900/170627
  Downloaded 44000/170627
  Downloaded 44100/170627
  Downloaded 44200/170627
  Downloaded 44300/170627
  Downloaded 44400/170627
  Downloaded 44500/170627
  Downloaded 44600/170627
  Downloaded 44700/170627
  Downloaded 44800/170627
  Downloaded 44900/170627
  Downloaded 45000/170627
  Downloaded 45100/170627
  Downloaded 45200/170627
  Downloaded 45300/170627
  Downloaded 45400/170627
  Downloaded 45500/170627
  Downloaded 45600/170627
  Downloaded 45700/170627
  Downloaded 45800/170627
  Downloaded 45900/170627
  Downloaded 46000/170627
  Downloaded 46100/170627
  Downloaded 46200/170627
  Downloaded 46300/170627
  Downloaded 46400/170627
  Downloaded 46500/170627
  Downloaded 46600/170627
  Downloaded 46700/170627
  Downloaded 46800/170627
  Downloaded 46900/170627
  Downloaded 47000/170627
  Downloaded 47100/170627
  Downloaded 47200/170627
  Downloaded 47300/170627
  Downloaded 47400/170627
  Downloaded 47500/170627
  Downloaded 47600/170627
  Downloaded 47700/170627
  Downloaded 47800/170627
  Downloaded 47900/170627
  Downloaded 48000/170627
  Downloaded 48100/170627
  Downloaded 48200/170627
  Downloaded 48300/170627
  Downloaded 48400/170627
  Downloaded 48500/170627
  Downloaded 48600/170627
  Downloaded 48700/170627
  Downloaded 48800/170627
  Downloaded 48900/170627
  Downloaded 49000/170627
  Downloaded 49100/170627
  Downloaded 49200/170627
  Downloaded 49300/170627
  Downloaded 49400/170627
  Downloaded 49500/170627
  Downloaded 49600/170627
  Downloaded 49700/170627
  Downloaded 49800/170627
  Downloaded 49900/170627
  Downloaded 50000/170627
  Downloaded 50100/170627
  Downloaded 50200/170627
  Downloaded 50300/170627
  Downloaded 50400/170627
  Downloaded 50500/170627
  Downloaded 50600/170627
  Downloaded 50700/170627
  Downloaded 50800/170627
  Downloaded 50900/170627
  Downloaded 51000/170627
  Downloaded 51100/170627
  Downloaded 51200/170627
  Downloaded 51300/170627
  Downloaded 51400/170627
  Downloaded 51500/170627
  Downloaded 51600/170627
  Downloaded 51700/170627
  Downloaded 51800/170627
  Downloaded 51900/170627
  Downloaded 52000/170627
  Downloaded 52100/170627
  Downloaded 52200/170627
  Downloaded 52300/170627
  Downloaded 52400/170627
  Downloaded 52500/170627
  Downloaded 52600/170627
  Downloaded 52700/170627
  Downloaded 52800/170627
  Downloaded 52900/170627
  Downloaded 53000/170627
  Downloaded 53100/170627
  Downloaded 53200/170627
  Downloaded 53300/170627
  Downloaded 53400/170627
  Downloaded 53500/170627
  Downloaded 53600/170627
  Downloaded 53700/170627
  Downloaded 53800/170627
  Downloaded 53900/170627
  Downloaded 54000/170627
  Downloaded 54100/170627
  Downloaded 54200/170627
  Downloaded 54300/170627
  Downloaded 54400/170627
  Downloaded 54500/170627
  Downloaded 54600/170627
  Downloaded 54700/170627
  Downloaded 54800/170627
  Downloaded 54900/170627
  Downloaded 55000/170627
  Downloaded 55100/170627
  Downloaded 55200/170627
  Downloaded 55300/170627
  Downloaded 55400/170627
  Downloaded 55500/170627
  Downloaded 55600/170627
  Downloaded 55700/170627
  Downloaded 55800/170627
  Downloaded 55900/170627
  Downloaded 56000/170627
  Downloaded 56100/170627
  Downloaded 56200/170627
  Downloaded 56300/170627
  Downloaded 56400/170627
  Downloaded 56500/170627
  Downloaded 56600/170627
  Downloaded 56700/170627
  Downloaded 56800/170627
  Downloaded 56900/170627
  Downloaded 57000/170627
  Downloaded 57100/170627
  Downloaded 57200/170627
  Downloaded 57300/170627
  Downloaded 57400/170627
  Downloaded 57500/170627
  Downloaded 57600/170627
  Downloaded 57700/170627
  Downloaded 57800/170627
  Downloaded 57900/170627
  Downloaded 58000/170627
  Downloaded 58100/170627
  Downloaded 58200/170627
  Downloaded 58300/170627
  Downloaded 58400/170627
  Downloaded 58500/170627
  Downloaded 58600/170627
  Downloaded 58700/170627
  Downloaded 58800/170627
  Downloaded 58900/170627
  Downloaded 59000/170627
  Downloaded 59100/170627
  Downloaded 59200/170627
  Downloaded 59300/170627
  Downloaded 59400/170627
  Downloaded 59500/170627
  Downloaded 59600/170627
  Downloaded 59700/170627
  Downloaded 59800/170627
  Downloaded 59900/170627
  Downloaded 60000/170627
  Downloaded 60100/170627
  Downloaded 60200/170627
  Downloaded 60300/170627
  Downloaded 60400/170627
  Downloaded 60500/170627
  Downloaded 60600/170627
  Downloaded 60700/170627
  Downloaded 60800/170627
  Downloaded 60900/170627
  Downloaded 61000/170627
  Downloaded 61100/170627
  Downloaded 61200/170627
  Downloaded 61300/170627
  Downloaded 61400/170627
  Downloaded 61500/170627
  Downloaded 61600/170627
  Downloaded 61700/170627
  Downloaded 61800/170627
  Downloaded 61900/170627
  Downloaded 62000/170627
  Downloaded 62100/170627
  Downloaded 62200/170627
  Downloaded 62300/170627
  Downloaded 62400/170627
  Downloaded 62500/170627
  Downloaded 62600/170627
  Downloaded 62700/170627
  Downloaded 62800/170627
  Downloaded 62900/170627
  Downloaded 63000/170627
  Downloaded 63100/170627
  Downloaded 63200/170627
  Downloaded 63300/170627
  Downloaded 63400/170627
  Downloaded 63500/170627
  Downloaded 63600/170627
  Downloaded 63700/170627
  Downloaded 63800/170627
  Downloaded 63900/170627
  Downloaded 64000/170627
  Downloaded 64100/170627
  Downloaded 64200/170627
  Downloaded 64300/170627
  Downloaded 64400/170627
  Downloaded 64500/170627
  Downloaded 64600/170627
  Downloaded 64700/170627
  Downloaded 64800/170627
  Downloaded 64900/170627
  Downloaded 65000/170627
  Downloaded 65100/170627
  Downloaded 65200/170627
  Downloaded 65300/170627
  Downloaded 65400/170627
  Downloaded 65500/170627
  Downloaded 65600/170627
  Downloaded 65700/170627
  Downloaded 65800/170627
  Downloaded 65900/170627
  Downloaded 66000/170627
  Downloaded 66100/170627
  Downloaded 66200/170627
  Downloaded 66300/170627
  Downloaded 66400/170627
  Downloaded 66500/170627
  Downloaded 66600/170627
  Downloaded 66700/170627
  Downloaded 66800/170627
  Downloaded 66900/170627
  Downloaded 67000/170627
  Downloaded 67100/170627
  Downloaded 67200/170627
  Downloaded 67300/170627
  Downloaded 67400/170627
  Downloaded 67500/170627
  Downloaded 67600/170627
  Downloaded 67700/170627
  Downloaded 67800/170627
  Downloaded 67900/170627
  Downloaded 68000/170627
  Downloaded 68100/170627
  Downloaded 68200/170627
  Downloaded 68300/170627
  Downloaded 68400/170627
  Downloaded 68500/170627
  Downloaded 68600/170627
  Downloaded 68700/170627
  Downloaded 68800/170627
  Downloaded 68900/170627
  Downloaded 69000/170627
  Downloaded 69100/170627
  Downloaded 69200/170627
  Downloaded 69300/170627
  Downloaded 69400/170627
  Downloaded 69500/170627
  Downloaded 69600/170627
  Downloaded 69700/170627
  Downloaded 69800/170627
  Downloaded 69900/170627
  Downloaded 70000/170627
  Downloaded 70100/170627
  Downloaded 70200/170627
  Downloaded 70300/170627
  Downloaded 70400/170627
  Downloaded 70500/170627
  Downloaded 70600/170627
  Downloaded 70700/170627
  Downloaded 70800/170627
  Downloaded 70900/170627
  Downloaded 71000/170627
  Downloaded 71100/170627
  Downloaded 71200/170627
  Downloaded 71300/170627
  Downloaded 71400/170627
  Downloaded 71500/170627
  Downloaded 71600/170627
  Downloaded 71700/170627
  Downloaded 71800/170627
  Downloaded 71900/170627
  Downloaded 72000/170627
  Downloaded 72100/170627
  Downloaded 72200/170627
  Downloaded 72300/170627
  Downloaded 72400/170627
  Downloaded 72500/170627
  Downloaded 72600/170627
  Downloaded 72700/170627
  Downloaded 72800/170627
  Downloaded 72900/170627
  Downloaded 73000/170627
  Downloaded 73100/170627
  Downloaded 73200/170627
  Downloaded 73300/170627
  Downloaded 73400/170627
  Downloaded 73500/170627
  Downloaded 73600/170627
  Downloaded 73700/170627
  Downloaded 73800/170627
  Downloaded 73900/170627
  Downloaded 74000/170627
  Downloaded 74100/170627
  Downloaded 74200/170627
  Downloaded 74300/170627
  Downloaded 74400/170627
  Downloaded 74500/170627
  Downloaded 74600/170627
  Downloaded 74700/170627
  Downloaded 74800/170627
  Downloaded 74900/170627
  Downloaded 75000/170627
  Downloaded 75100/170627
  Downloaded 75200/170627
  Downloaded 75300/170627
  Downloaded 75400/170627
  Downloaded 75500/170627
  Downloaded 75600/170627
  Downloaded 75700/170627
  Downloaded 75800/170627
  Downloaded 75900/170627
  Downloaded 76000/170627
  Downloaded 76100/170627
  Downloaded 76200/170627
  Downloaded 76300/170627
  Downloaded 76400/170627
  Downloaded 76500/170627
  Downloaded 76600/170627
  Downloaded 76700/170627
  Downloaded 76800/170627
  Downloaded 76900/170627
  Downloaded 77000/170627
  Downloaded 77100/170627
  Downloaded 77200/170627
  Downloaded 77300/170627
  Downloaded 77400/170627
  Downloaded 77500/170627
  Downloaded 77600/170627
  Downloaded 77700/170627
  Downloaded 77800/170627
  Downloaded 77900/170627
  Downloaded 78000/170627
  Downloaded 78100/170627
  Downloaded 78200/170627
  Downloaded 78300/170627
  Downloaded 78400/170627
  Downloaded 78500/170627
  Downloaded 78600/170627
  Downloaded 78700/170627
  Downloaded 78800/170627
  Downloaded 78900/170627
  Downloaded 79000/170627
  Downloaded 79100/170627
  Downloaded 79200/170627
  Downloaded 79300/170627
  Downloaded 79400/170627
  Downloaded 79500/170627
  Downloaded 79600/170627
  Downloaded 79700/170627
  Downloaded 79800/170627
  Downloaded 79900/170627
  Downloaded 80000/170627
  Downloaded 80100/170627
  Downloaded 80200/170627
  Downloaded 80300/170627
  Downloaded 80400/170627
  Downloaded 80500/170627
  Downloaded 80600/170627
  Downloaded 80700/170627
  Downloaded 80800/170627
  Downloaded 80900/170627
  Downloaded 81000/170627
  Downloaded 81100/170627
  Downloaded 81200/170627
  Downloaded 81300/170627
  Downloaded 81400/170627
  Downloaded 81500/170627
  Downloaded 81600/170627
  Downloaded 81700/170627
  Downloaded 81800/170627
  Downloaded 81900/170627
  Downloaded 82000/170627
  Downloaded 82100/170627
  Downloaded 82200/170627
  Downloaded 82300/170627
  Downloaded 82400/170627
  Downloaded 82500/170627
  Downloaded 82600/170627
  Downloaded 82700/170627
  Downloaded 82800/170627
  Downloaded 82900/170627
  Downloaded 83000/170627
  Downloaded 83100/170627
  Downloaded 83200/170627
  Downloaded 83300/170627
  Downloaded 83400/170627
  Downloaded 83500/170627
  Downloaded 83600/170627
  Downloaded 83700/170627
  Downloaded 83800/170627
  Downloaded 83900/170627
  Downloaded 84000/170627
  Downloaded 84100/170627
  Downloaded 84200/170627
  Downloaded 84300/170627
  Downloaded 84400/170627
  Downloaded 84500/170627
  Downloaded 84600/170627
  Downloaded 84700/170627
  Downloaded 84800/170627
  Downloaded 84900/170627
  Downloaded 85000/170627
  Downloaded 85100/170627
  Downloaded 85200/170627
  Downloaded 85300/170627
  Downloaded 85400/170627
  Downloaded 85500/170627
  Downloaded 85600/170627
  Downloaded 85700/170627
  Downloaded 85800/170627
  Downloaded 85900/170627
  Downloaded 86000/170627
  Downloaded 86100/170627
  Downloaded 86200/170627
  Downloaded 86300/170627
  Downloaded 86400/170627
  Downloaded 86500/170627
  Downloaded 86600/170627
  Downloaded 86700/170627
  Downloaded 86800/170627
  Downloaded 86900/170627
  Downloaded 87000/170627
  Downloaded 87100/170627
  Downloaded 87200/170627
  Downloaded 87300/170627
  Downloaded 87400/170627
  Downloaded 87500/170627
  Downloaded 87600/170627
  Downloaded 87700/170627
  Downloaded 87800/170627
  Downloaded 87900/170627
  Downloaded 88000/170627
  Downloaded 88100/170627
  Downloaded 88200/170627
  Downloaded 88300/170627
  Downloaded 88400/170627
  Downloaded 88500/170627
  Downloaded 88600/170627
  Downloaded 88700/170627
  Downloaded 88800/170627
  Downloaded 88900/170627
  Downloaded 89000/170627
  Downloaded 89100/170627
  Downloaded 89200/170627
  Downloaded 89300/170627
  Downloaded 89400/170627
  Downloaded 89500/170627
  Downloaded 89600/170627
  Downloaded 89700/170627
  Downloaded 89800/170627
  Downloaded 89900/170627
  Downloaded 90000/170627
  Downloaded 90100/170627
  Downloaded 90200/170627
  Downloaded 90300/170627
  Downloaded 90400/170627
  Downloaded 90500/170627
  Downloaded 90600/170627
  Downloaded 90700/170627
  Downloaded 90800/170627
  Downloaded 90900/170627
  Downloaded 91000/170627
  Downloaded 91100/170627
  Downloaded 91200/170627
  Downloaded 91300/170627
  Downloaded 91400/170627
  Downloaded 91500/170627
  Downloaded 91600/170627
  Downloaded 91700/170627
  Downloaded 91800/170627
  Downloaded 91900/170627
  Downloaded 92000/170627
  Downloaded 92100/170627
  Downloaded 92200/170627
  Downloaded 92300/170627
  Downloaded 92400/170627
  Downloaded 92500/170627
  Downloaded 92600/170627
  Downloaded 92700/170627
  Downloaded 92800/170627
  Downloaded 92900/170627
  Downloaded 93000/170627
  Downloaded 93100/170627
  Downloaded 93200/170627
  Downloaded 93300/170627
  Downloaded 93400/170627
  Downloaded 93500/170627
  Downloaded 93600/170627
  Downloaded 93700/170627
  Downloaded 93800/170627
  Downloaded 93900/170627
  Downloaded 94000/170627
  Downloaded 94100/170627
  Downloaded 94200/170627
  Downloaded 94300/170627
  Downloaded 94400/170627
  Downloaded 94500/170627
  Downloaded 94600/170627
  Downloaded 94700/170627
  Downloaded 94800/170627
  Downloaded 94900/170627
  Downloaded 95000/170627
  Downloaded 95100/170627
  Downloaded 95200/170627
  Downloaded 95300/170627
  Downloaded 95400/170627
  Downloaded 95500/170627
  Downloaded 95600/170627
  Downloaded 95700/170627
  Downloaded 95800/170627
  Downloaded 95900/170627
  Downloaded 96000/170627
  Downloaded 96100/170627
  Downloaded 96200/170627
  Downloaded 96300/170627
  Downloaded 96400/170627
  Downloaded 96500/170627
  Downloaded 96600/170627
  Downloaded 96700/170627
  Downloaded 96800/170627
  Downloaded 96900/170627
  Downloaded 97000/170627
  Downloaded 97100/170627
  Downloaded 97200/170627
  Downloaded 97300/170627
  Downloaded 97400/170627
  Downloaded 97500/170627
  Downloaded 97600/170627
  Downloaded 97700/170627
  Downloaded 97800/170627
  Downloaded 97900/170627
  Downloaded 98000/170627
  Downloaded 98100/170627
  Downloaded 98200/170627
  Downloaded 98300/170627
  Downloaded 98400/170627
  Downloaded 98500/170627
  Downloaded 98600/170627
  Downloaded 98700/170627
  Downloaded 98800/170627
  Downloaded 98900/170627
  Downloaded 99000/170627
  Downloaded 99100/170627
  Downloaded 99200/170627
  Downloaded 99300/170627
  Downloaded 99400/170627
  Downloaded 99500/170627
  Downloaded 99600/170627
  Downloaded 99700/170627
  Downloaded 99800/170627
  Downloaded 99900/170627
  Downloaded 100000/170627
  Downloaded 100100/170627
  Downloaded 100200/170627
  Downloaded 100300/170627
  Downloaded 100400/170627
  Downloaded 100500/170627
  Downloaded 100600/170627
  Downloaded 100700/170627
  Downloaded 100800/170627
  Downloaded 100900/170627
  Downloaded 101000/170627
  Downloaded 101100/170627
  Downloaded 101200/170627
  Downloaded 101300/170627
  Downloaded 101400/170627
  Downloaded 101500/170627
  Downloaded 101600/170627
  Downloaded 101700/170627
  Downloaded 101800/170627
  Downloaded 101900/170627
  Downloaded 102000/170627
  Downloaded 102100/170627
  Downloaded 102200/170627
  Downloaded 102300/170627
  Downloaded 102400/170627
  Downloaded 102500/170627
  Downloaded 102600/170627
  Downloaded 102700/170627
  Downloaded 102800/170627
  Downloaded 102900/170627
  Downloaded 103000/170627
  Downloaded 103100/170627
  Downloaded 103200/170627
  Downloaded 103300/170627
  Downloaded 103400/170627
  Downloaded 103500/170627
  Downloaded 103600/170627
  Downloaded 103700/170627
  Downloaded 103800/170627
  Downloaded 103900/170627
  Downloaded 104000/170627
  Downloaded 104100/170627
  Downloaded 104200/170627
  Downloaded 104300/170627
  Downloaded 104400/170627
  Downloaded 104500/170627
  Downloaded 104600/170627
  Downloaded 104700/170627
  Downloaded 104800/170627
  Downloaded 104900/170627
  Downloaded 105000/170627
  Downloaded 105100/170627
  Downloaded 105200/170627
  Downloaded 105300/170627
  Downloaded 105400/170627
  Downloaded 105500/170627
  Downloaded 105600/170627
  Downloaded 105700/170627
  Downloaded 105800/170627
  Downloaded 105900/170627
  Downloaded 106000/170627
  Downloaded 106100/170627
  Downloaded 106200/170627
  Downloaded 106300/170627
  Downloaded 106400/170627
  Downloaded 106500/170627
  Downloaded 106600/170627
  Downloaded 106700/170627
  Downloaded 106800/170627
  Downloaded 106900/170627
  Downloaded 107000/170627
  Downloaded 107100/170627
  Downloaded 107200/170627
  Downloaded 107300/170627
  Downloaded 107400/170627
  Downloaded 107500/170627
  Downloaded 107600/170627
  Downloaded 107700/170627
  Downloaded 107800/170627
  Downloaded 107900/170627
  Downloaded 108000/170627
  Downloaded 108100/170627
  Downloaded 108200/170627
  Downloaded 108300/170627
  Downloaded 108400/170627
  Downloaded 108500/170627
  Downloaded 108600/170627
  Downloaded 108700/170627
  Downloaded 108800/170627
  Downloaded 108900/170627
  Downloaded 109000/170627
  Downloaded 109100/170627
  Downloaded 109200/170627
  Downloaded 109300/170627
  Downloaded 109400/170627
  Downloaded 109500/170627
  Downloaded 109600/170627
  Downloaded 109700/170627
  Downloaded 109800/170627
  Downloaded 109900/170627
  Downloaded 110000/170627
  Downloaded 110100/170627
  Downloaded 110200/170627
  Downloaded 110300/170627
  Downloaded 110400/170627
  Downloaded 110500/170627
  Downloaded 110600/170627
  Downloaded 110700/170627
  Downloaded 110800/170627
  Downloaded 110900/170627
  Downloaded 111000/170627
  Downloaded 111100/170627
  Downloaded 111200/170627
  Downloaded 111300/170627
  Downloaded 111400/170627
  Downloaded 111500/170627
  Downloaded 111600/170627
  Downloaded 111700/170627
  Downloaded 111800/170627
  Downloaded 111900/170627
  Downloaded 112000/170627
  Downloaded 112100/170627
  Downloaded 112200/170627
  Downloaded 112300/170627
  Downloaded 112400/170627
  Downloaded 112500/170627
  Downloaded 112600/170627
  Downloaded 112700/170627
  Downloaded 112800/170627
  Downloaded 112900/170627
  Downloaded 113000/170627
  Downloaded 113100/170627
  Downloaded 113200/170627
  Downloaded 113300/170627
  Downloaded 113400/170627
  Downloaded 113500/170627
  Downloaded 113600/170627
  Downloaded 113700/170627
  Downloaded 113800/170627
  Downloaded 113900/170627
  Downloaded 114000/170627
  Downloaded 114100/170627
  Downloaded 114200/170627
  Downloaded 114300/170627
  Downloaded 114400/170627
  Downloaded 114500/170627
  Downloaded 114600/170627
  Downloaded 114700/170627
  Downloaded 114800/170627
  Downloaded 114900/170627
  Downloaded 115000/170627
  Downloaded 115100/170627
  Downloaded 115200/170627
  Downloaded 115300/170627
  Downloaded 115400/170627
  Downloaded 115500/170627
  Downloaded 115600/170627
  Downloaded 115700/170627
  Downloaded 115800/170627
  Downloaded 115900/170627
  Downloaded 116000/170627
  Downloaded 116100/170627
  Downloaded 116200/170627
  Downloaded 116300/170627
  Downloaded 116400/170627
  Downloaded 116500/170627
  Downloaded 116600/170627
  Downloaded 116700/170627
  Downloaded 116800/170627
  Downloaded 116900/170627
  Downloaded 117000/170627
  Downloaded 117100/170627
  Downloaded 117200/170627
  Downloaded 117300/170627
  Downloaded 117400/170627
  Downloaded 117500/170627
  Downloaded 117600/170627
  Downloaded 117700/170627
  Downloaded 117800/170627
  Downloaded 117900/170627
  Downloaded 118000/170627
  Downloaded 118100/170627
  Downloaded 118200/170627
  Downloaded 118300/170627
  Downloaded 118400/170627
  Downloaded 118500/170627
  Downloaded 118600/170627
  Downloaded 118700/170627
  Downloaded 118800/170627
  Downloaded 118900/170627
  Downloaded 119000/170627
  Downloaded 119100/170627
  Downloaded 119200/170627
  Downloaded 119300/170627
  Downloaded 119400/170627
  Downloaded 119500/170627
  Downloaded 119600/170627
  Downloaded 119700/170627
  Downloaded 119800/170627
  Downloaded 119900/170627
  Downloaded 120000/170627
  Downloaded 120100/170627
  Downloaded 120200/170627
  Downloaded 120300/170627
  Downloaded 120400/170627
  Downloaded 120500/170627
  Downloaded 120600/170627
  Downloaded 120700/170627
  Downloaded 120800/170627
  Downloaded 120900/170627
  Downloaded 121000/170627
  Downloaded 121100/170627
  Downloaded 121200/170627
  Downloaded 121300/170627
  Downloaded 121400/170627
  Downloaded 121500/170627
  Downloaded 121600/170627
  Downloaded 121700/170627
  Downloaded 121800/170627
  Downloaded 121900/170627
  Downloaded 122000/170627
  Downloaded 122100/170627
  Downloaded 122200/170627
  Downloaded 122300/170627
  Downloaded 122400/170627
  Downloaded 122500/170627
  Downloaded 122600/170627
  Downloaded 122700/170627
  Downloaded 122800/170627
  Downloaded 122900/170627
  Downloaded 123000/170627
  Downloaded 123100/170627
  Downloaded 123200/170627
  Downloaded 123300/170627
  Downloaded 123400/170627
  Downloaded 123500/170627
  Downloaded 123600/170627
  Downloaded 123700/170627
  Downloaded 123800/170627
  Downloaded 123900/170627
  Downloaded 124000/170627
  Downloaded 124100/170627
  Downloaded 124200/170627
  Downloaded 124300/170627
  Downloaded 124400/170627
  Downloaded 124500/170627
  Downloaded 124600/170627
  Downloaded 124700/170627
  Downloaded 124800/170627
  Downloaded 124900/170627
  Downloaded 125000/170627
  Downloaded 125100/170627
  Downloaded 125200/170627
  Downloaded 125300/170627
  Downloaded 125400/170627
  Downloaded 125500/170627
  Downloaded 125600/170627
  Downloaded 125700/170627
  Downloaded 125800/170627
  Downloaded 125900/170627
  Downloaded 126000/170627
  Downloaded 126100/170627
  Downloaded 126200/170627
  Downloaded 126300/170627
  Downloaded 126400/170627
  Downloaded 126500/170627
  Downloaded 126600/170627
  Downloaded 126700/170627
  Downloaded 126800/170627
  Downloaded 126900/170627
  Downloaded 127000/170627
  Downloaded 127100/170627
  Downloaded 127200/170627
  Downloaded 127300/170627
  Downloaded 127400/170627
  Downloaded 127500/170627
  Downloaded 127600/170627
  Downloaded 127700/170627
  Downloaded 127800/170627
  Downloaded 127900/170627
  Downloaded 128000/170627
  Downloaded 128100/170627
  Downloaded 128200/170627
  Downloaded 128300/170627
  Downloaded 128400/170627
  Downloaded 128500/170627
  Downloaded 128600/170627
  Downloaded 128700/170627
  Downloaded 128800/170627
  Downloaded 128900/170627
  Downloaded 129000/170627
  Downloaded 129100/170627
  Downloaded 129200/170627
  Downloaded 129300/170627
  Downloaded 129400/170627
  Downloaded 129500/170627
  Downloaded 129600/170627
  Downloaded 129700/170627
  Downloaded 129800/170627
  Downloaded 129900/170627
  Downloaded 130000/170627
  Downloaded 130100/170627
  Downloaded 130200/170627
  Downloaded 130300/170627
  Downloaded 130400/170627
  Downloaded 130500/170627
  Downloaded 130600/170627
  Downloaded 130700/170627
  Downloaded 130800/170627
  Downloaded 130900/170627
  Downloaded 131000/170627
  Downloaded 131100/170627
  Downloaded 131200/170627
  Downloaded 131300/170627
  Downloaded 131400/170627
  Downloaded 131500/170627
  Downloaded 131600/170627
  Downloaded 131700/170627
  Downloaded 131800/170627
  Downloaded 131900/170627
  Downloaded 132000/170627
  Downloaded 132100/170627
  Downloaded 132200/170627
  Downloaded 132300/170627
  Downloaded 132400/170627
  Downloaded 132500/170627
  Downloaded 132600/170627
  Downloaded 132700/170627
  Downloaded 132800/170627
  Downloaded 132900/170627
  Downloaded 133000/170627
  Downloaded 133100/170627
  Downloaded 133200/170627
  Downloaded 133300/170627
  Downloaded 133400/170627
  Downloaded 133500/170627
  Downloaded 133600/170627
  Downloaded 133700/170627
  Downloaded 133800/170627
  Downloaded 133900/170627
  Downloaded 134000/170627
  Downloaded 134100/170627
  Downloaded 134200/170627
  Downloaded 134300/170627
  Downloaded 134400/170627
  Downloaded 134500/170627
  Downloaded 134600/170627
  Downloaded 134700/170627
  Downloaded 134800/170627
  Downloaded 134900/170627
  Downloaded 135000/170627
  Downloaded 135100/170627
  Downloaded 135200/170627
  Downloaded 135300/170627
  Downloaded 135400/170627
  Downloaded 135500/170627
  Downloaded 135600/170627
  Downloaded 135700/170627
  Downloaded 135800/170627
  Downloaded 135900/170627
  Downloaded 136000/170627
  Downloaded 136100/170627
  Downloaded 136200/170627
  Downloaded 136300/170627
  Downloaded 136400/170627
  Downloaded 136500/170627
  Downloaded 136600/170627
  Downloaded 136700/170627
  Downloaded 136800/170627
  Downloaded 136900/170627
  Downloaded 137000/170627
  Downloaded 137100/170627
  Downloaded 137200/170627
  Downloaded 137300/170627
  Downloaded 137400/170627
  Downloaded 137500/170627
  Downloaded 137600/170627
  Downloaded 137700/170627
  Downloaded 137800/170627
  Downloaded 137900/170627
  Downloaded 138000/170627
  Downloaded 138100/170627
  Downloaded 138200/170627
  Downloaded 138300/170627
  Downloaded 138400/170627
  Downloaded 138500/170627
  Downloaded 138600/170627
  Downloaded 138700/170627
  Downloaded 138800/170627
  Downloaded 138900/170627
  Downloaded 139000/170627
  Downloaded 139100/170627
  Downloaded 139200/170627
  Downloaded 139300/170627
  Downloaded 139400/170627
  Downloaded 139500/170627
  Downloaded 139600/170627
  Downloaded 139700/170627
  Downloaded 139800/170627
  Downloaded 139900/170627
  Downloaded 140000/170627
  Downloaded 140100/170627
  Downloaded 140200/170627
  Downloaded 140300/170627
  Downloaded 140400/170627
  Downloaded 140500/170627
  Downloaded 140600/170627
  Downloaded 140700/170627
  Downloaded 140800/170627
  Downloaded 140900/170627
  Downloaded 141000/170627
  Downloaded 141100/170627
  Downloaded 141200/170627
  Downloaded 141300/170627
  Downloaded 141400/170627
  Downloaded 141500/170627
  Downloaded 141600/170627
  Downloaded 141700/170627
  Downloaded 141800/170627
  Downloaded 141900/170627
  Downloaded 142000/170627
  Downloaded 142100/170627
  Downloaded 142200/170627
  Downloaded 142300/170627
  Downloaded 142400/170627
  Downloaded 142500/170627
  Downloaded 142600/170627
  Downloaded 142700/170627
  Downloaded 142800/170627
  Downloaded 142900/170627
  Downloaded 143000/170627
  Downloaded 143100/170627
  Downloaded 143200/170627
  Downloaded 143300/170627
  Downloaded 143400/170627
  Downloaded 143500/170627
  Downloaded 143600/170627
  Downloaded 143700/170627
  Downloaded 143800/170627
  Downloaded 143900/170627
  Downloaded 144000/170627
  Downloaded 144100/170627
  Downloaded 144200/170627
  Downloaded 144300/170627
  Downloaded 144400/170627
  Downloaded 144500/170627
  Downloaded 144600/170627
  Downloaded 144700/170627
  Downloaded 144800/170627
  Downloaded 144900/170627
  Downloaded 145000/170627
  Downloaded 145100/170627
  Downloaded 145200/170627
  Downloaded 145300/170627
  Downloaded 145400/170627
  Downloaded 145500/170627
  Downloaded 145600/170627
  Downloaded 145700/170627
  Downloaded 145800/170627
  Downloaded 145900/170627
  Downloaded 146000/170627
  Downloaded 146100/170627
  Downloaded 146200/170627
  Downloaded 146300/170627
  Downloaded 146400/170627
  Downloaded 146500/170627
  Downloaded 146600/170627
  Downloaded 146700/170627
  Downloaded 146800/170627
  Downloaded 146900/170627
  Downloaded 147000/170627
  Downloaded 147100/170627
  Downloaded 147200/170627
  Downloaded 147300/170627
  Downloaded 147400/170627
  Downloaded 147500/170627
  Downloaded 147600/170627
  Downloaded 147700/170627
  Downloaded 147800/170627
  Downloaded 147900/170627
  Downloaded 148000/170627
  Downloaded 148100/170627
  Downloaded 148200/170627
  Downloaded 148300/170627
  Downloaded 148400/170627
  Downloaded 148500/170627
  Downloaded 148600/170627
  Downloaded 148700/170627
  Downloaded 148800/170627
  Downloaded 148900/170627
  Downloaded 149000/170627
  Downloaded 149100/170627
  Downloaded 149200/170627
  Downloaded 149300/170627
  Downloaded 149400/170627
  Downloaded 149500/170627
  Downloaded 149600/170627
  Downloaded 149700/170627
  Downloaded 149800/170627
  Downloaded 149900/170627
  Downloaded 150000/170627
  Downloaded 150100/170627
  Downloaded 150200/170627
  Downloaded 150300/170627
  Downloaded 150400/170627
  Downloaded 150500/170627
  Downloaded 150600/170627
  Downloaded 150700/170627
  Downloaded 150800/170627
  Downloaded 150900/170627
  Downloaded 151000/170627
  Downloaded 151100/170627
  Downloaded 151200/170627
  Downloaded 151300/170627
  Downloaded 151400/170627
  Downloaded 151500/170627
  Downloaded 151600/170627
  Downloaded 151700/170627
  Downloaded 151800/170627
  Downloaded 151900/170627
  Downloaded 152000/170627
  Downloaded 152100/170627
  Downloaded 152200/170627
  Downloaded 152300/170627
  Downloaded 152400/170627
  Downloaded 152500/170627
  Downloaded 152600/170627
  Downloaded 152700/170627
  Downloaded 152800/170627
  Downloaded 152900/170627
  Downloaded 153000/170627
  Downloaded 153100/170627
  Downloaded 153200/170627
  Downloaded 153300/170627
  Downloaded 153400/170627
  Downloaded 153500/170627
  Downloaded 153600/170627
  Downloaded 153700/170627
  Downloaded 153800/170627
  Downloaded 153900/170627
  Downloaded 154000/170627
  Downloaded 154100/170627
  Downloaded 154200/170627
  Downloaded 154300/170627
  Downloaded 154400/170627
  Downloaded 154500/170627
  Downloaded 154600/170627
  Downloaded 154700/170627
  Downloaded 154800/170627
  Downloaded 154900/170627
  Downloaded 155000/170627
  Downloaded 155100/170627
  Downloaded 155200/170627
  Downloaded 155300/170627
  Downloaded 155400/170627
  Downloaded 155500/170627
  Downloaded 155600/170627
  Downloaded 155700/170627
  Downloaded 155800/170627
  Downloaded 155900/170627
  Downloaded 156000/170627
  Downloaded 156100/170627
  Downloaded 156200/170627
  Downloaded 156300/170627
  Downloaded 156400/170627
  Downloaded 156500/170627
  Downloaded 156600/170627
  Downloaded 156700/170627
  Downloaded 156800/170627
  Downloaded 156900/170627
  Downloaded 157000/170627
  Downloaded 157100/170627
  Downloaded 157200/170627
  Downloaded 157300/170627
  Downloaded 157400/170627
  Downloaded 157500/170627
  Downloaded 157600/170627
  Downloaded 157700/170627
  Downloaded 157800/170627
  Downloaded 157900/170627
  Downloaded 158000/170627
  Downloaded 158100/170627
  Downloaded 158200/170627
  Downloaded 158300/170627
  Downloaded 158400/170627
  Downloaded 158500/170627
  Downloaded 158600/170627
  Downloaded 158700/170627
  Downloaded 158800/170627
  Downloaded 158900/170627
  Downloaded 159000/170627
  Downloaded 159100/170627
  Downloaded 159200/170627
  Downloaded 159300/170627
  Downloaded 159400/170627
  Downloaded 159500/170627
  Downloaded 159600/170627
  Downloaded 159700/170627
  Downloaded 159800/170627
  Downloaded 159900/170627
  Downloaded 160000/170627
  Downloaded 160100/170627
  Downloaded 160200/170627
  Downloaded 160300/170627
  Downloaded 160400/170627
  Downloaded 160500/170627
  Downloaded 160600/170627
  Downloaded 160700/170627
  Downloaded 160800/170627
  Downloaded 160900/170627
  Downloaded 161000/170627
  Downloaded 161100/170627
  Downloaded 161200/170627
  Downloaded 161300/170627
  Downloaded 161400/170627
  Downloaded 161500/170627
  Downloaded 161600/170627
  Downloaded 161700/170627
  Downloaded 161800/170627
  Downloaded 161900/170627
  Downloaded 162000/170627
  Downloaded 162100/170627
  Downloaded 162200/170627
  Downloaded 162300/170627
  Downloaded 162400/170627
  Downloaded 162500/170627
  Downloaded 162600/170627
  Downloaded 162700/170627
  Downloaded 162800/170627
  Downloaded 162900/170627
  Downloaded 163000/170627
  Downloaded 163100/170627
  Downloaded 163200/170627
  Downloaded 163300/170627
  Downloaded 163400/170627
  Downloaded 163500/170627
  Downloaded 163600/170627
  Downloaded 163700/170627
  Downloaded 163800/170627
  Downloaded 163900/170627
  Downloaded 164000/170627
  Downloaded 164100/170627
  Downloaded 164200/170627
  Downloaded 164300/170627
  Downloaded 164400/170627
  Downloaded 164500/170627
  Downloaded 164600/170627
  Downloaded 164700/170627
  Downloaded 164800/170627
  Downloaded 164900/170627
  Downloaded 165000/170627
  Downloaded 165100/170627
  Downloaded 165200/170627
  Downloaded 165300/170627
  Downloaded 165400/170627
  Downloaded 165500/170627
  Downloaded 165600/170627
  Downloaded 165700/170627
  Downloaded 165800/170627
  Downloaded 165900/170627
  Downloaded 166000/170627
  Downloaded 166100/170627
  Downloaded 166200/170627
  Downloaded 166300/170627
  Downloaded 166400/170627
  Downloaded 166500/170627
  Downloaded 166600/170627
  Downloaded 166700/170627
  Downloaded 166800/170627
  Downloaded 166900/170627
  Downloaded 167000/170627
  Downloaded 167100/170627
  Downloaded 167200/170627
  Downloaded 167300/170627
  Downloaded 167400/170627
  Downloaded 167500/170627
  Downloaded 167600/170627
  Downloaded 167700/170627
  Downloaded 167800/170627
  Downloaded 167900/170627
  Downloaded 168000/170627
  Downloaded 168100/170627
  Downloaded 168200/170627
  Downloaded 168300/170627
  Downloaded 168400/170627
  Downloaded 168500/170627
  Downloaded 168600/170627
  Downloaded 168700/170627
  Downloaded 168800/170627
  Downloaded 168900/170627
  Downloaded 169000/170627
  Downloaded 169100/170627
  Downloaded 169200/170627
  Downloaded 169300/170627
  Downloaded 169400/170627
  Downloaded 169500/170627
  Downloaded 169600/170627
  Downloaded 169700/170627
  Downloaded 169800/170627
  Downloaded 169900/170627
  Downloaded 170000/170627
  Downloaded 170100/170627
  Downloaded 170200/170627
  Downloaded 170300/170627
  Downloaded 170400/170627
  Downloaded 170500/170627
  Downloaded 170600/170627
  Downloaded 170627/170627

Downloading 92 sequences from fungi.txt...
  Downloaded 92/92

Downloading 79605 sequences from plasmid.txt...
  Downloaded 100/79605
  Downloaded 200/79605
  Downloaded 300/79605
  Downloaded 400/79605
  Downloaded 500/79605
  Downloaded 600/79605
  Downloaded 700/79605
  Downloaded 800/79605
  Downloaded 900/79605
  Downloaded 1000/79605
  Downloaded 1100/79605
  Downloaded 1200/79605
  Downloaded 1300/79605
  Downloaded 1400/79605
  Downloaded 1500/79605
  Downloaded 1600/79605
  Downloaded 1700/79605
  Downloaded 1800/79605
  Downloaded 1900/79605
  Downloaded 2000/79605
  Downloaded 2100/79605
  Downloaded 2200/79605
  Downloaded 2300/79605
  Downloaded 2400/79605
  Downloaded 2500/79605
  Downloaded 2600/79605
  Downloaded 2700/79605
  Downloaded 2800/79605
  Downloaded 2900/79605
  Downloaded 3000/79605
  Downloaded 3100/79605
  Downloaded 3200/79605
  Downloaded 3300/79605
  Downloaded 3400/79605
  Downloaded 3500/79605
  Downloaded 3600/79605
  Downloaded 3700/79605
  Downloaded 3800/79605
  Downloaded 3900/79605
  Downloaded 4000/79605
  Downloaded 4100/79605
  Downloaded 4200/79605
  Downloaded 4300/79605
  Downloaded 4400/79605
  Downloaded 4500/79605
  Downloaded 4600/79605
  Downloaded 4700/79605
  Downloaded 4800/79605
  Downloaded 4900/79605
  Downloaded 5000/79605
  Downloaded 5100/79605
  Downloaded 5200/79605
  Downloaded 5300/79605
  Downloaded 5400/79605
  Downloaded 5500/79605
  Downloaded 5600/79605
  Downloaded 5700/79605
  Downloaded 5800/79605
  Downloaded 5900/79605
  Downloaded 6000/79605
  Downloaded 6100/79605
  Downloaded 6200/79605
  Downloaded 6300/79605
  Downloaded 6400/79605
  Downloaded 6500/79605
  Downloaded 6600/79605
  Downloaded 6700/79605
  Downloaded 6800/79605
  Downloaded 6900/79605
  Downloaded 7000/79605
  Downloaded 7100/79605
  Downloaded 7200/79605
  Downloaded 7300/79605
  Downloaded 7400/79605
  Downloaded 7500/79605
  Downloaded 7600/79605
  Downloaded 7700/79605
  Downloaded 7800/79605
  Downloaded 7900/79605
  Downloaded 8000/79605
  Downloaded 8100/79605
  Downloaded 8200/79605
  Downloaded 8300/79605
  Downloaded 8400/79605
  Downloaded 8500/79605
  Downloaded 8600/79605
  Downloaded 8700/79605
  Downloaded 8800/79605
  Downloaded 8900/79605
  Downloaded 9000/79605
  Downloaded 9100/79605
  Downloaded 9200/79605
  Downloaded 9300/79605
  Downloaded 9400/79605
  Downloaded 9500/79605
  Downloaded 9600/79605
  Downloaded 9700/79605
  Downloaded 9800/79605
  Downloaded 9900/79605
  Downloaded 10000/79605
  Downloaded 10100/79605
  Downloaded 10200/79605
  Downloaded 10300/79605
  Downloaded 10400/79605
  Downloaded 10500/79605
  Downloaded 10600/79605
  Downloaded 10700/79605
  Downloaded 10800/79605
  Downloaded 10900/79605
  Downloaded 11000/79605
  Downloaded 11100/79605
  Downloaded 11200/79605
  Downloaded 11300/79605
  Downloaded 11400/79605
  Downloaded 11500/79605
  Downloaded 11600/79605
  Downloaded 11700/79605
  Downloaded 11800/79605
  Downloaded 11900/79605
  Downloaded 12000/79605
  Downloaded 12100/79605
  Downloaded 12200/79605
  Downloaded 12300/79605
  Downloaded 12400/79605
  Downloaded 12500/79605
  Downloaded 12600/79605
  Downloaded 12700/79605
  Downloaded 12800/79605
  Downloaded 12900/79605
  Downloaded 13000/79605
  Downloaded 13100/79605
  Downloaded 13200/79605
  Downloaded 13300/79605
  Downloaded 13400/79605
  Downloaded 13500/79605
  Downloaded 13600/79605
  Downloaded 13700/79605
  Downloaded 13800/79605
  Downloaded 13900/79605
  Downloaded 14000/79605
  Downloaded 14100/79605
  Downloaded 14200/79605
  Downloaded 14300/79605
  Downloaded 14400/79605
  Downloaded 14500/79605
  Downloaded 14600/79605
  Downloaded 14700/79605
  Downloaded 14800/79605
  Downloaded 14900/79605
  Downloaded 15000/79605
  Downloaded 15100/79605
  Downloaded 15200/79605
  Downloaded 15300/79605
  Downloaded 15400/79605
  Downloaded 15500/79605
  Downloaded 15600/79605
  Downloaded 15700/79605
  Downloaded 15800/79605
  Downloaded 15900/79605
  Downloaded 16000/79605
  Downloaded 16100/79605
  Downloaded 16200/79605
  Downloaded 16300/79605
  Downloaded 16400/79605
  Downloaded 16500/79605
  Downloaded 16600/79605
  Downloaded 16700/79605
  Downloaded 16800/79605
  Downloaded 16900/79605
  Downloaded 17000/79605
  Downloaded 17100/79605
  Downloaded 17200/79605
  Downloaded 17300/79605
  Downloaded 17400/79605
  Downloaded 17500/79605
  Downloaded 17600/79605
  Downloaded 17700/79605
  Downloaded 17800/79605
  Downloaded 17900/79605
  Downloaded 18000/79605
  Downloaded 18100/79605
  Downloaded 18200/79605
  Downloaded 18300/79605
  Downloaded 18400/79605
  Downloaded 18500/79605
  Downloaded 18600/79605
  Downloaded 18700/79605
  Downloaded 18800/79605
  Downloaded 18900/79605
  Downloaded 19000/79605
  Downloaded 19100/79605
  Downloaded 19200/79605
  Downloaded 19300/79605
  Downloaded 19400/79605
  Downloaded 19500/79605
  Downloaded 19600/79605
  Downloaded 19700/79605
  Downloaded 19800/79605
  Downloaded 19900/79605
  Downloaded 20000/79605
  Downloaded 20100/79605
  Downloaded 20200/79605
  Downloaded 20300/79605
  Downloaded 20400/79605
  Downloaded 20500/79605
  Downloaded 20600/79605
  Downloaded 20700/79605
  Downloaded 20800/79605
  Downloaded 20900/79605
  Downloaded 21000/79605
  Downloaded 21100/79605
  Downloaded 21200/79605
  Downloaded 21300/79605
  Downloaded 21400/79605
  Downloaded 21500/79605
  Error at batch 21500-21600: IncompleteRead(930950 bytes read)
  Downloaded 21700/79605
  Downloaded 21800/79605
  Downloaded 21900/79605
  Downloaded 22000/79605
  Downloaded 22100/79605
  Downloaded 22200/79605
  Downloaded 22300/79605
  Downloaded 22400/79605
  Downloaded 22500/79605
  Downloaded 22600/79605
  Downloaded 22700/79605
  Downloaded 22800/79605
  Downloaded 22900/79605
  Downloaded 23000/79605
  Downloaded 23100/79605
  Downloaded 23200/79605
  Downloaded 23300/79605
  Downloaded 23400/79605
  Downloaded 23500/79605
  Downloaded 23600/79605
  Downloaded 23700/79605
  Downloaded 23800/79605
  Downloaded 23900/79605
  Downloaded 24000/79605
  Downloaded 24100/79605
  Downloaded 24200/79605
  Downloaded 24300/79605
  Downloaded 24400/79605
  Downloaded 24500/79605
  Downloaded 24600/79605
  Downloaded 24700/79605
  Downloaded 24800/79605
  Downloaded 24900/79605
  Downloaded 25000/79605
  Downloaded 25100/79605
  Downloaded 25200/79605
  Downloaded 25300/79605
  Downloaded 25400/79605
  Downloaded 25500/79605
  Downloaded 25600/79605
  Downloaded 25700/79605
  Downloaded 25800/79605
  Downloaded 25900/79605
  Downloaded 26000/79605
  Downloaded 26100/79605
  Downloaded 26200/79605
  Downloaded 26300/79605
  Downloaded 26400/79605
  Downloaded 26500/79605
  Downloaded 26600/79605
  Downloaded 26700/79605
  Downloaded 26800/79605
  Downloaded 26900/79605
  Downloaded 27000/79605
  Downloaded 27100/79605
  Downloaded 27200/79605
  Downloaded 27300/79605
  Downloaded 27400/79605
  Downloaded 27500/79605
  Downloaded 27600/79605
  Downloaded 27700/79605
  Downloaded 27800/79605
  Downloaded 27900/79605
  Downloaded 28000/79605
  Downloaded 28100/79605
  Downloaded 28200/79605
  Downloaded 28300/79605
  Downloaded 28400/79605
  Downloaded 28500/79605
  Downloaded 28600/79605
  Downloaded 28700/79605
  Error at batch 28700-28800: IncompleteRead(2911688 bytes read)
  Downloaded 28900/79605
  Downloaded 29000/79605
  Downloaded 29100/79605
  Downloaded 29200/79605
  Downloaded 29300/79605
  Downloaded 29400/79605
  Error at batch 29400-29500: IncompleteRead(5074763 bytes read)
  Downloaded 29600/79605
  Downloaded 29700/79605
  Downloaded 29800/79605
  Downloaded 29900/79605
  Downloaded 30000/79605
  Downloaded 30100/79605
  Downloaded 30200/79605
  Downloaded 30300/79605
  Downloaded 30400/79605
  Downloaded 30500/79605
  Downloaded 30600/79605
  Downloaded 30700/79605
  Downloaded 30800/79605
  Downloaded 30900/79605
  Downloaded 31000/79605
  Downloaded 31100/79605
  Downloaded 31200/79605
  Downloaded 31300/79605
  Downloaded 31400/79605
  Downloaded 31500/79605
  Downloaded 31600/79605
  Downloaded 31700/79605
  Downloaded 31800/79605
  Downloaded 31900/79605
  Downloaded 32000/79605
  Downloaded 32100/79605
  Downloaded 32200/79605
  Downloaded 32300/79605
  Downloaded 32400/79605
  Downloaded 32500/79605
  Downloaded 32600/79605
  Downloaded 32700/79605
  Downloaded 32800/79605
  Downloaded 32900/79605
  Downloaded 33000/79605
  Downloaded 33100/79605
  Downloaded 33200/79605
  Downloaded 33300/79605
  Downloaded 33400/79605
  Downloaded 33500/79605
  Downloaded 33600/79605
  Downloaded 33700/79605
  Downloaded 33800/79605
  Downloaded 33900/79605
  Downloaded 34000/79605
  Downloaded 34100/79605
  Downloaded 34200/79605
  Downloaded 34300/79605
  Downloaded 34400/79605
  Downloaded 34500/79605
  Downloaded 34600/79605
  Downloaded 34700/79605
  Downloaded 34800/79605
  Downloaded 34900/79605
  Downloaded 35000/79605
  Downloaded 35100/79605
  Downloaded 35200/79605
  Downloaded 35300/79605
  Downloaded 35400/79605
  Downloaded 35500/79605
  Downloaded 35600/79605
  Downloaded 35700/79605
  Downloaded 35800/79605
  Downloaded 35900/79605
  Downloaded 36000/79605
  Downloaded 36100/79605
  Downloaded 36200/79605
  Downloaded 36300/79605
  Downloaded 36400/79605
  Downloaded 36500/79605
  Downloaded 36600/79605
  Downloaded 36700/79605
  Downloaded 36800/79605
  Downloaded 36900/79605
  Downloaded 37000/79605
  Downloaded 37100/79605
  Downloaded 37200/79605
  Downloaded 37300/79605
  Downloaded 37400/79605
  Downloaded 37500/79605
  Downloaded 37600/79605
  Downloaded 37700/79605
  Downloaded 37800/79605
  Downloaded 37900/79605
  Downloaded 38000/79605
  Downloaded 38100/79605
  Downloaded 38200/79605
  Downloaded 38300/79605
  Downloaded 38400/79605
  Downloaded 38500/79605
  Downloaded 38600/79605
  Downloaded 38700/79605
  Downloaded 38800/79605
  Downloaded 38900/79605
  Downloaded 39000/79605
  Downloaded 39100/79605
  Downloaded 39200/79605
  Downloaded 39300/79605
  Downloaded 39400/79605
  Downloaded 39500/79605
  Downloaded 39600/79605
  Downloaded 39700/79605
  Downloaded 39800/79605
  Downloaded 39900/79605
  Downloaded 40000/79605
  Downloaded 40100/79605
  Downloaded 40200/79605
  Downloaded 40300/79605
  Downloaded 40400/79605
  Downloaded 40500/79605
  Downloaded 40600/79605
  Downloaded 40700/79605
  Downloaded 40800/79605
  Downloaded 40900/79605
  Downloaded 41000/79605
  Downloaded 41100/79605
  Downloaded 41200/79605
  Downloaded 41300/79605
  Downloaded 41400/79605
  Downloaded 41500/79605
  Downloaded 41600/79605
  Downloaded 41700/79605
  Downloaded 41800/79605
  Downloaded 41900/79605
  Error at batch 41900-42000: IncompleteRead(4366696 bytes read)
  Downloaded 42100/79605
  Downloaded 42200/79605
  Downloaded 42300/79605
  Downloaded 42400/79605
  Downloaded 42500/79605
  Downloaded 42600/79605
  Downloaded 42700/79605
  Downloaded 42800/79605
  Downloaded 42900/79605
  Downloaded 43000/79605
  Downloaded 43100/79605
  Downloaded 43200/79605
  Downloaded 43300/79605
  Downloaded 43400/79605
  Downloaded 43500/79605
  Downloaded 43600/79605
  Downloaded 43700/79605
  Downloaded 43800/79605
  Downloaded 43900/79605
  Downloaded 44000/79605
  Downloaded 44100/79605
  Downloaded 44200/79605
  Downloaded 44300/79605
  Downloaded 44400/79605
  Downloaded 44500/79605
  Downloaded 44600/79605
  Downloaded 44700/79605
  Downloaded 44800/79605
  Downloaded 44900/79605
  Downloaded 45000/79605
  Downloaded 45100/79605
  Downloaded 45200/79605
  Downloaded 45300/79605
  Downloaded 45400/79605
  Downloaded 45500/79605
  Downloaded 45600/79605
  Downloaded 45700/79605
  Downloaded 45800/79605
  Downloaded 45900/79605
  Downloaded 46000/79605
  Downloaded 46100/79605
  Downloaded 46200/79605
  Downloaded 46300/79605
  Downloaded 46400/79605
  Downloaded 46500/79605
  Downloaded 46600/79605
  Downloaded 46700/79605
  Downloaded 46800/79605
  Downloaded 46900/79605
  Downloaded 47000/79605
  Downloaded 47100/79605
  Downloaded 47200/79605
  Downloaded 47300/79605
  Downloaded 47400/79605
  Downloaded 47500/79605
  Downloaded 47600/79605
  Downloaded 47700/79605
  Downloaded 47800/79605
  Downloaded 47900/79605
  Downloaded 48000/79605
  Downloaded 48100/79605
  Downloaded 48200/79605
  Downloaded 48300/79605
  Downloaded 48400/79605
  Downloaded 48500/79605
  Downloaded 48600/79605
  Downloaded 48700/79605
  Downloaded 48800/79605
  Downloaded 48900/79605
  Downloaded 49000/79605
  Downloaded 49100/79605
  Downloaded 49200/79605
  Downloaded 49300/79605
  Downloaded 49400/79605
  Downloaded 49500/79605
  Downloaded 49600/79605
  Downloaded 49700/79605
  Downloaded 49800/79605
  Downloaded 49900/79605
  Downloaded 50000/79605
  Downloaded 50100/79605
  Downloaded 50200/79605
  Downloaded 50300/79605
  Downloaded 50400/79605
  Downloaded 50500/79605
  Downloaded 50600/79605
  Downloaded 50700/79605
  Downloaded 50800/79605
  Downloaded 50900/79605
  Downloaded 51000/79605
  Downloaded 51100/79605
  Downloaded 51200/79605
  Downloaded 51300/79605
  Downloaded 51400/79605
  Downloaded 51500/79605
  Downloaded 51600/79605
  Downloaded 51700/79605
  Downloaded 51800/79605
  Downloaded 51900/79605
  Downloaded 52000/79605
  Downloaded 52100/79605
  Downloaded 52200/79605
  Downloaded 52300/79605
  Downloaded 52400/79605
  Downloaded 52500/79605
  Downloaded 52600/79605
  Downloaded 52700/79605
  Downloaded 52800/79605
  Downloaded 52900/79605
  Downloaded 53000/79605
  Downloaded 53100/79605
  Downloaded 53200/79605
  Downloaded 53300/79605
  Downloaded 53400/79605
  Downloaded 53500/79605
  Downloaded 53600/79605
  Downloaded 53700/79605
  Downloaded 53800/79605
  Downloaded 53900/79605
  Downloaded 54000/79605
  Downloaded 54100/79605
  Downloaded 54200/79605
  Downloaded 54300/79605
  Downloaded 54400/79605
  Downloaded 54500/79605
  Downloaded 54600/79605
  Downloaded 54700/79605
  Downloaded 54800/79605
  Downloaded 54900/79605
  Downloaded 55000/79605
  Downloaded 55100/79605
  Downloaded 55200/79605
  Downloaded 55300/79605
  Downloaded 55400/79605
  Downloaded 55500/79605
  Downloaded 55600/79605
  Downloaded 55700/79605
  Downloaded 55800/79605
  Downloaded 55900/79605
  Downloaded 56000/79605
  Downloaded 56100/79605
  Downloaded 56200/79605
  Downloaded 56300/79605
  Downloaded 56400/79605
  Downloaded 56500/79605
  Downloaded 56600/79605
  Downloaded 56700/79605
  Downloaded 56800/79605
  Downloaded 56900/79605
  Downloaded 57000/79605
  Downloaded 57100/79605
  Downloaded 57200/79605
  Downloaded 57300/79605
  Downloaded 57400/79605
  Downloaded 57500/79605
  Downloaded 57600/79605
  Downloaded 57700/79605
  Downloaded 57800/79605
  Downloaded 57900/79605
  Downloaded 58000/79605
  Downloaded 58100/79605
  Downloaded 58200/79605
  Downloaded 58300/79605
  Downloaded 58400/79605
  Downloaded 58500/79605
  Downloaded 58600/79605
  Downloaded 58700/79605
  Downloaded 58800/79605
  Downloaded 58900/79605
  Downloaded 59000/79605
  Downloaded 59100/79605
  Downloaded 59200/79605
  Downloaded 59300/79605
  Downloaded 59400/79605
  Downloaded 59500/79605
  Downloaded 59600/79605
  Downloaded 59700/79605
  Downloaded 59800/79605
  Downloaded 59900/79605
  Downloaded 60000/79605
  Downloaded 60100/79605
  Downloaded 60200/79605
  Downloaded 60300/79605
  Downloaded 60400/79605
  Downloaded 60500/79605
  Downloaded 60600/79605
  Downloaded 60700/79605
  Downloaded 60800/79605
  Downloaded 60900/79605
  Downloaded 61000/79605
  Downloaded 61100/79605
  Downloaded 61200/79605
  Downloaded 61300/79605
  Downloaded 61400/79605
  Downloaded 61500/79605
  Downloaded 61600/79605
  Downloaded 61700/79605
  Downloaded 61800/79605
  Downloaded 61900/79605
  Downloaded 62000/79605
  Downloaded 62100/79605
  Downloaded 62200/79605
  Downloaded 62300/79605
  Downloaded 62400/79605
  Downloaded 62500/79605
  Downloaded 62600/79605
  Downloaded 62700/79605
  Downloaded 62800/79605
  Downloaded 62900/79605
  Downloaded 63000/79605
  Downloaded 63100/79605
  Downloaded 63200/79605
  Downloaded 63300/79605
  Downloaded 63400/79605
  Downloaded 63500/79605
  Downloaded 63600/79605
  Downloaded 63700/79605
  Downloaded 63800/79605
  Downloaded 63900/79605
  Downloaded 64000/79605
  Downloaded 64100/79605
  Downloaded 64200/79605
  Downloaded 64300/79605
  Downloaded 64400/79605
  Downloaded 64500/79605
  Downloaded 64600/79605
  Downloaded 64700/79605
  Downloaded 64800/79605
  Downloaded 64900/79605
  Downloaded 65000/79605
  Downloaded 65100/79605
  Downloaded 65200/79605
  Downloaded 65300/79605
  Downloaded 65400/79605
  Downloaded 65500/79605
  Downloaded 65600/79605
  Downloaded 65700/79605
  Downloaded 65800/79605
  Downloaded 65900/79605
  Downloaded 66000/79605
  Downloaded 66100/79605
  Downloaded 66200/79605
  Downloaded 66300/79605
  Downloaded 66400/79605
  Downloaded 66500/79605
  Downloaded 66600/79605
  Downloaded 66700/79605
  Downloaded 66800/79605
  Downloaded 66900/79605
  Downloaded 67000/79605
  Downloaded 67100/79605
  Downloaded 67200/79605
  Downloaded 67300/79605
  Downloaded 67400/79605
  Downloaded 67500/79605
  Downloaded 67600/79605
  Downloaded 67700/79605
  Downloaded 67800/79605
  Downloaded 67900/79605
  Downloaded 68000/79605
  Downloaded 68100/79605
  Downloaded 68200/79605
  Downloaded 68300/79605
  Downloaded 68400/79605
  Downloaded 68500/79605
  Downloaded 68600/79605
  Downloaded 68700/79605
  Downloaded 68800/79605
  Downloaded 68900/79605
  Downloaded 69000/79605
  Downloaded 69100/79605
  Downloaded 69200/79605
  Downloaded 69300/79605
  Downloaded 69400/79605
  Downloaded 69500/79605
  Downloaded 69600/79605
  Downloaded 69700/79605
  Downloaded 69800/79605
  Downloaded 69900/79605
  Downloaded 70000/79605
  Downloaded 70100/79605
  Downloaded 70200/79605
  Downloaded 70300/79605
  Downloaded 70400/79605
  Downloaded 70500/79605
  Downloaded 70600/79605
  Downloaded 70700/79605
  Downloaded 70800/79605
  Downloaded 70900/79605
  Downloaded 71000/79605
  Downloaded 71100/79605
  Downloaded 71200/79605
  Downloaded 71300/79605
  Downloaded 71400/79605
  Downloaded 71500/79605
  Downloaded 71600/79605
  Downloaded 71700/79605
  Downloaded 71800/79605
  Downloaded 71900/79605
  Downloaded 72000/79605
  Downloaded 72100/79605
  Downloaded 72200/79605
  Downloaded 72300/79605
  Downloaded 72400/79605
  Downloaded 72500/79605
  Downloaded 72600/79605
  Downloaded 72700/79605
  Downloaded 72800/79605
  Downloaded 72900/79605
  Downloaded 73000/79605
  Downloaded 73100/79605
  Downloaded 73200/79605
  Downloaded 73300/79605
  Downloaded 73400/79605
  Downloaded 73500/79605
  Downloaded 73600/79605
  Downloaded 73700/79605
  Downloaded 73800/79605
  Downloaded 73900/79605
  Downloaded 74000/79605
  Downloaded 74100/79605
  Downloaded 74200/79605
  Downloaded 74300/79605
  Downloaded 74400/79605
  Downloaded 74500/79605
  Downloaded 74600/79605
  Downloaded 74700/79605
  Downloaded 74800/79605
  Downloaded 74900/79605
  Downloaded 75000/79605
  Downloaded 75100/79605
  Downloaded 75200/79605
  Downloaded 75300/79605
  Downloaded 75400/79605
  Downloaded 75500/79605
  Downloaded 75600/79605
  Downloaded 75700/79605
  Downloaded 75800/79605
  Downloaded 75900/79605
  Downloaded 76000/79605
  Downloaded 76100/79605
  Downloaded 76200/79605
  Downloaded 76300/79605
  Downloaded 76400/79605
  Downloaded 76500/79605
  Downloaded 76600/79605
  Downloaded 76700/79605
  Downloaded 76800/79605
  Downloaded 76900/79605
  Downloaded 77000/79605
  Downloaded 77100/79605
  Downloaded 77200/79605
  Downloaded 77300/79605
  Downloaded 77400/79605
  Downloaded 77500/79605
  Downloaded 77600/79605
  Downloaded 77700/79605
  Downloaded 77800/79605
  Downloaded 77900/79605
  Downloaded 78000/79605
  Downloaded 78100/79605
  Downloaded 78200/79605
  Downloaded 78300/79605
  Downloaded 78400/79605
  Downloaded 78500/79605
  Downloaded 78600/79605
  Downloaded 78700/79605
  Downloaded 78800/79605
  Downloaded 78900/79605
  Downloaded 79000/79605
  Downloaded 79100/79605
  Downloaded 79200/79605
  Downloaded 79300/79605
  Downloaded 79400/79605
  Downloaded 79500/79605
  Downloaded 79600/79605
  Downloaded 79605/79605

Done.

==============================================================
Step 3: Building metadata.csv...
==============================================================
virus_vertebrate: 2984 sequences
virus_non_vertebrate: 7399 sequences
bacteria: 0 sequences
archaea: 0 sequences
protozoa: 170427 sequences
fungi: 0 sequences
plasmid: 79205 sequences

Total sequences: 260015
Label distribution:
label
protozoa                170427
plasmid                  79205
virus_non_vertebrate      7399
virus_vertebrate          2984

Saved to data/metadata.csv

==============================================================
Data preparation completed at: Fri Mar 13 07:44:16 AM EDT 2026
==============================================================
