==============================================================
Node: g012
Job ID: 53368873
Start time: Sun Mar 15 04:40:16 PM EDT 2026
==============================================================
Downloading 3473 virus_unknown_host FASTA sequences...
==============================================================
Downloading 3473 sequences...
  Downloaded 100/3473
  Downloaded 200/3473
  Downloaded 300/3473
  Downloaded 400/3473
  Downloaded 500/3473
  Downloaded 600/3473
  Downloaded 700/3473
  Downloaded 800/3473
  Downloaded 900/3473
  Downloaded 1000/3473
  Downloaded 1100/3473
  Downloaded 1200/3473
  Downloaded 1300/3473
  Downloaded 1400/3473
  Downloaded 1500/3473
  Downloaded 1600/3473
  Downloaded 1700/3473
  Downloaded 1800/3473
  Downloaded 1900/3473
  Downloaded 2000/3473
  Downloaded 2100/3473
  Downloaded 2200/3473
  Downloaded 2300/3473
  Downloaded 2400/3473
  Downloaded 2500/3473
  Downloaded 2600/3473
  Downloaded 2700/3473
  Downloaded 2800/3473
  Downloaded 2900/3473
  Downloaded 3000/3473
  Downloaded 3100/3473
  Downloaded 3200/3473
  Downloaded 3300/3473
  Downloaded 3400/3473
  Downloaded 3473/3473

Done.

==============================================================
Download completed at: Sun Mar 15 04:42:55 PM EDT 2026
Downloaded files: 3473 / 3473
==============================================================
